  Camera.cpp
  CubeMap.cpp
  FrameBuffer.cpp
  main.cpp
C:\Program Files (x86)\Windows Kits\10\Include\10.0.18362.0\shared\minwindef.h(130,1): warning C4005: 'APIENTRY': macro redefinition
C:\Users\Lovberg\OneDrive - Change Maker Education\Documents\TreeEngine\ShaderCourse\Include\GLFW\glfw3.h(104): message : see previous definition of 'APIENTRY'
C:\Users\Lovberg\OneDrive - Change Maker Education\Documents\TreeEngine\ShaderCourse\Code\main.cpp(199,13): warning C4244: 'initializing': conversion from 'double' to 'float', possible loss of data
C:\Users\Lovberg\OneDrive - Change Maker Education\Documents\TreeEngine\ShaderCourse\Code\main.cpp(491,21): warning C4244: 'initializing': conversion from 'double' to 'float', possible loss of data
C:\Users\Lovberg\OneDrive - Change Maker Education\Documents\TreeEngine\ShaderCourse\Code\main.cpp(502,34): warning C4244: 'argument': conversion from 'double' to 'float', possible loss of data
  Material.cpp
  Mesh.cpp
  PointLight.cpp
  SpotLight.cpp
  Texture.cpp
  Transform.cpp
  Generating Code...
C:\Users\Lovberg\OneDrive - Change Maker Education\Documents\TreeEngine\ShaderCourse\Code\main.cpp(503,36): warning C4244: 'argument': conversion from 'double' to 'float', possible loss of data
LINK : warning LNK4098: defaultlib 'MSVCRT' conflicts with use of other libs; use /NODEFAULTLIB:library
LINK : warning LNK4098: defaultlib 'LIBCMT' conflicts with use of other libs; use /NODEFAULTLIB:library
glew32s.lib(glew.obj) : warning LNK4099: PDB 'vc120.pdb' was not found with 'glew32s.lib(glew.obj)' or at 'C:\Users\Lovberg\OneDrive - Change Maker Education\Documents\TreeEngine\ShaderCourse\Binary\vc120.pdb'; linking object as if no debug info
SOIL.lib(image_DXT.obj) : warning LNK4099: PDB 'SOIL.pdb' was not found with 'SOIL.lib(image_DXT.obj)' or at 'C:\Users\Lovberg\OneDrive - Change Maker Education\Documents\TreeEngine\ShaderCourse\Binary\SOIL.pdb'; linking object as if no debug info
SOIL.lib(image_helper.obj) : warning LNK4099: PDB 'SOIL.pdb' was not found with 'SOIL.lib(image_helper.obj)' or at 'C:\Users\Lovberg\OneDrive - Change Maker Education\Documents\TreeEngine\ShaderCourse\Binary\SOIL.pdb'; linking object as if no debug info
SOIL.lib(SOIL.obj) : warning LNK4099: PDB 'SOIL.pdb' was not found with 'SOIL.lib(SOIL.obj)' or at 'C:\Users\Lovberg\OneDrive - Change Maker Education\Documents\TreeEngine\ShaderCourse\Binary\SOIL.pdb'; linking object as if no debug info
SOIL.lib(stb_image_aug.obj) : warning LNK4099: PDB 'SOIL.pdb' was not found with 'SOIL.lib(stb_image_aug.obj)' or at 'C:\Users\Lovberg\OneDrive - Change Maker Education\Documents\TreeEngine\ShaderCourse\Binary\SOIL.pdb'; linking object as if no debug info
  ShaderCourse.vcxproj -> C:\Users\Lovberg\OneDrive - Change Maker Education\Documents\TreeEngine\ShaderCourse\Binary\CoolProgram.exe
